C:\USERS\SANQIANG\DROPBOX\VSPROJECT\ALGORITHM\ALGORITHMCPP\X64\DEBUG\1_4.OBJ
C:\USERS\SANQIANG\DROPBOX\VSPROJECT\ALGORITHM\ALGORITHMCPP\X64\DEBUG\1_1.OBJ
C:\USERS\SANQIANG\DROPBOX\VSPROJECT\ALGORITHM\ALGORITHMCPP\X64\DEBUG\1_2.OBJ
C:\USERS\SANQIANG\DROPBOX\VSPROJECT\ALGORITHM\ALGORITHMCPP\X64\DEBUG\1_3.OBJ
C:\USERS\SANQIANG\DROPBOX\VSPROJECT\ALGORITHM\ALGORITHMCPP\X64\DEBUG\ELEMENT.OBJ
C:\USERS\SANQIANG\DROPBOX\VSPROJECT\ALGORITHM\ALGORITHMCPP\X64\DEBUG\ENTITY.OBJ
C:\USERS\SANQIANG\DROPBOX\VSPROJECT\ALGORITHM\ALGORITHMCPP\X64\DEBUG\ENTRY.OBJ
C:\USERS\SANQIANG\DROPBOX\VSPROJECT\ALGORITHM\ALGORITHMCPP\X64\DEBUG\HELPER.OBJ
C:\USERS\SANQIANG\DROPBOX\VSPROJECT\ALGORITHM\ALGORITHMCPP\X64\DEBUG\POINTER.OBJ
C:\USERS\SANQIANG\DROPBOX\VSPROJECT\ALGORITHM\ALGORITHMCPP\X64\DEBUG\Q1.OBJ
C:\USERS\SANQIANG\DROPBOX\VSPROJECT\ALGORITHM\ALGORITHMCPP\X64\DEBUG\Q2.OBJ
C:\USERS\SANQIANG\DROPBOX\VSPROJECT\ALGORITHM\ALGORITHMCPP\X64\DEBUG\Q3.OBJ
C:\USERS\SANQIANG\DROPBOX\VSPROJECT\ALGORITHM\ALGORITHMCPP\X64\DEBUG\Q4.OBJ
C:\USERS\SANQIANG\DROPBOX\VSPROJECT\ALGORITHM\ALGORITHMCPP\X64\DEBUG\Q5.OBJ
C:\USERS\SANQIANG\DROPBOX\VSPROJECT\ALGORITHM\ALGORITHMCPP\X64\DEBUG\Q6.OBJ
C:\USERS\SANQIANG\DROPBOX\VSPROJECT\ALGORITHM\ALGORITHMCPP\X64\DEBUG\Q7.OBJ
C:\USERS\SANQIANG\DROPBOX\VSPROJECT\ALGORITHM\ALGORITHMCPP\X64\DEBUG\STDOPERATION.OBJ
C:\USERS\SANQIANG\DROPBOX\VSPROJECT\ALGORITHM\ALGORITHMCPP\X64\DEBUG\VC110.PDB
C:\USERS\SANQIANG\DROPBOX\VSPROJECT\ALGORITHM\X64\DEBUG\ALGORITHMCPP.ILK
C:\USERS\SANQIANG\DROPBOX\VSPROJECT\ALGORITHM\X64\DEBUG\ALGORITHMCPP.EXE
C:\USERS\SANQIANG\DROPBOX\VSPROJECT\ALGORITHM\X64\DEBUG\ALGORITHMCPP.PDB
C:\Users\Sanqiang\Dropbox\VSProject\Algorithm\AlgorithmCPP\x64\Debug\1_1.obj
C:\Users\Sanqiang\Dropbox\VSProject\Algorithm\AlgorithmCPP\x64\Debug\1_2.obj
C:\Users\Sanqiang\Dropbox\VSProject\Algorithm\AlgorithmCPP\x64\Debug\1_3.obj
C:\Users\Sanqiang\Dropbox\VSProject\Algorithm\AlgorithmCPP\x64\Debug\1_4.obj
C:\Users\Sanqiang\Dropbox\VSProject\Algorithm\AlgorithmCPP\x64\Debug\element.obj
C:\Users\Sanqiang\Dropbox\VSProject\Algorithm\AlgorithmCPP\x64\Debug\Entity.obj
C:\Users\Sanqiang\Dropbox\VSProject\Algorithm\AlgorithmCPP\x64\Debug\Entry.obj
C:\Users\Sanqiang\Dropbox\VSProject\Algorithm\AlgorithmCPP\x64\Debug\Helper.obj
C:\Users\Sanqiang\Dropbox\VSProject\Algorithm\AlgorithmCPP\x64\Debug\Pointer.obj
C:\Users\Sanqiang\Dropbox\VSProject\Algorithm\AlgorithmCPP\x64\Debug\Q1.obj
C:\Users\Sanqiang\Dropbox\VSProject\Algorithm\AlgorithmCPP\x64\Debug\Q2.obj
C:\Users\Sanqiang\Dropbox\VSProject\Algorithm\AlgorithmCPP\x64\Debug\Q3.obj
C:\Users\Sanqiang\Dropbox\VSProject\Algorithm\AlgorithmCPP\x64\Debug\Q4.obj
C:\Users\Sanqiang\Dropbox\VSProject\Algorithm\AlgorithmCPP\x64\Debug\Q5.obj
C:\Users\Sanqiang\Dropbox\VSProject\Algorithm\AlgorithmCPP\x64\Debug\Q6.obj
C:\Users\Sanqiang\Dropbox\VSProject\Algorithm\AlgorithmCPP\x64\Debug\Q7.obj
C:\Users\Sanqiang\Dropbox\VSProject\Algorithm\AlgorithmCPP\x64\Debug\StdOperation.obj
C:\Users\Sanqiang\Dropbox\VSProject\Algorithm\AlgorithmCPP\x64\Debug\cl.command.1.tlog
C:\Users\Sanqiang\Dropbox\VSProject\Algorithm\AlgorithmCPP\x64\Debug\CL.read.1.tlog
C:\Users\Sanqiang\Dropbox\VSProject\Algorithm\AlgorithmCPP\x64\Debug\CL.write.1.tlog
C:\Users\Sanqiang\Dropbox\VSProject\Algorithm\AlgorithmCPP\x64\Debug\link-cvtres.read.1.tlog
C:\Users\Sanqiang\Dropbox\VSProject\Algorithm\AlgorithmCPP\x64\Debug\link-cvtres.write.1.tlog
C:\Users\Sanqiang\Dropbox\VSProject\Algorithm\AlgorithmCPP\x64\Debug\link-rc.read.1.tlog
C:\Users\Sanqiang\Dropbox\VSProject\Algorithm\AlgorithmCPP\x64\Debug\link-rc.write.1.tlog
C:\Users\Sanqiang\Dropbox\VSProject\Algorithm\AlgorithmCPP\x64\Debug\link.command.1.tlog
C:\Users\Sanqiang\Dropbox\VSProject\Algorithm\AlgorithmCPP\x64\Debug\link.read.1.tlog
C:\Users\Sanqiang\Dropbox\VSProject\Algorithm\AlgorithmCPP\x64\Debug\link.write.1.tlog
C:\Users\Sanqiang\Dropbox\VSProject\Algorithm\AlgorithmCPP\x64\Debug\vc110.idb
C:\Users\Sanqiang\Dropbox\VSProject\Algorithm\AlgorithmCPP\x64\Debug\vc110.pdb
C:\Users\Sanqiang\Dropbox\VSProject\Algorithm\x64\Debug\AlgorithmCPP.pdb
C:\Users\Sanqiang\Dropbox\VSProject\Algorithm\x64\Debug\AlgorithmCPP.exe
C:\Users\Sanqiang\Dropbox\VSProject\Algorithm\x64\Debug\AlgorithmCPP.ilk
