C:\USERS\SANQIANG\DROPBOX\VSPROJECT\ALGORITHM\ALGORITHMCPP\DEBUG\1_1.OBJ
C:\USERS\SANQIANG\DROPBOX\VSPROJECT\ALGORITHM\ALGORITHMCPP\DEBUG\1_2.OBJ
C:\USERS\SANQIANG\DROPBOX\VSPROJECT\ALGORITHM\ALGORITHMCPP\DEBUG\1_3.OBJ
C:\USERS\SANQIANG\DROPBOX\VSPROJECT\ALGORITHM\ALGORITHMCPP\DEBUG\1_4.OBJ
C:\USERS\SANQIANG\DROPBOX\VSPROJECT\ALGORITHM\ALGORITHMCPP\DEBUG\ALGORITHMCPP.EXE.INTERMEDIATE.MANIFEST
C:\Users\sanqiang\Dropbox\VSProject\Algorithm\AlgorithmCPP\Debug\cl.command.1.tlog
C:\Users\sanqiang\Dropbox\VSProject\Algorithm\AlgorithmCPP\Debug\CL.read.1.tlog
C:\Users\sanqiang\Dropbox\VSProject\Algorithm\AlgorithmCPP\Debug\CL.write.1.tlog
C:\USERS\SANQIANG\DROPBOX\VSPROJECT\ALGORITHM\ALGORITHMCPP\DEBUG\ENTITY.OBJ
C:\USERS\SANQIANG\DROPBOX\VSPROJECT\ALGORITHM\ALGORITHMCPP\DEBUG\HELPER.OBJ
C:\Users\sanqiang\Dropbox\VSProject\Algorithm\AlgorithmCPP\Debug\link.command.1.tlog
C:\Users\sanqiang\Dropbox\VSProject\Algorithm\AlgorithmCPP\Debug\link.read.1.tlog
C:\Users\sanqiang\Dropbox\VSProject\Algorithm\AlgorithmCPP\Debug\link.write.1.tlog
C:\Users\sanqiang\Dropbox\VSProject\Algorithm\AlgorithmCPP\Debug\mt.command.1.tlog
C:\Users\sanqiang\Dropbox\VSProject\Algorithm\AlgorithmCPP\Debug\mt.read.1.tlog
C:\Users\sanqiang\Dropbox\VSProject\Algorithm\AlgorithmCPP\Debug\mt.write.1.tlog
C:\USERS\SANQIANG\DROPBOX\VSPROJECT\ALGORITHM\ALGORITHMCPP\DEBUG\STDOPERATION.OBJ
C:\Users\sanqiang\Dropbox\VSProject\Algorithm\AlgorithmCPP\Debug\vc90.idb
C:\USERS\SANQIANG\DROPBOX\VSPROJECT\ALGORITHM\ALGORITHMCPP\DEBUG\VC90.PDB
C:\USERS\SANQIANG\DROPBOX\VSPROJECT\ALGORITHM\DEBUG\ALGORITHMCPP.EXE
C:\USERS\SANQIANG\DROPBOX\VSPROJECT\ALGORITHM\DEBUG\ALGORITHMCPP.ILK
C:\USERS\SANQIANG\DROPBOX\VSPROJECT\ALGORITHM\DEBUG\ALGORITHMCPP.PDB
